  MAVI-U3.cpp
C:\Users\Andés\source\repos\MAVI-U3\MAVI-U3\MAVI-U3.cpp(16,57): warning C4244: 'argumento': conversión de 'const float' a 'unsigned int'; posible pérdida de datos
C:\Users\Andés\source\repos\MAVI-U3\MAVI-U3\MAVI-U3.cpp(16,43): warning C4244: 'argumento': conversión de 'const float' a 'unsigned int'; posible pérdida de datos
MAVI-U3.obj : error LNK2019: símbolo externo "__declspec(dllimport) public: __thiscall sf::String::String(char const *,class std::locale const &)" (__imp_??0String@sf@@QAE@PBDABVlocale@std@@@Z) sin resolver al que se hace referencia en la función _main
MAVI-U3.obj : error LNK2019: símbolo externo "__declspec(dllimport) public: __thiscall sf::String::~String(void)" (__imp_??1String@sf@@QAE@XZ) sin resolver al que se hace referencia en la función _main
MAVI-U3.obj : error LNK2019: símbolo externo "__declspec(dllimport) public: __thiscall sf::VideoMode::VideoMode(unsigned int,unsigned int,unsigned int)" (__imp_??0VideoMode@sf@@QAE@III@Z) sin resolver al que se hace referencia en la función _main
MAVI-U3.obj : error LNK2019: símbolo externo "__declspec(dllimport) public: void __thiscall sf::Window::close(void)" (__imp_?close@Window@sf@@QAEXXZ) sin resolver al que se hace referencia en la función _main
MAVI-U3.obj : error LNK2019: símbolo externo "__declspec(dllimport) public: bool __thiscall sf::Window::isOpen(void)const " (__imp_?isOpen@Window@sf@@QBE_NXZ) sin resolver al que se hace referencia en la función _main
MAVI-U3.obj : error LNK2019: símbolo externo "__declspec(dllimport) public: bool __thiscall sf::Window::pollEvent(class sf::Event &)" (__imp_?pollEvent@Window@sf@@QAE_NAAVEvent@2@@Z) sin resolver al que se hace referencia en la función _main
MAVI-U3.obj : error LNK2019: símbolo externo "__declspec(dllimport) public: void __thiscall sf::Window::setFramerateLimit(unsigned int)" (__imp_?setFramerateLimit@Window@sf@@QAEXI@Z) sin resolver al que se hace referencia en la función _main
MAVI-U3.obj : error LNK2019: símbolo externo "__declspec(dllimport) public: void __thiscall sf::Window::display(void)" (__imp_?display@Window@sf@@QAEXXZ) sin resolver al que se hace referencia en la función _main
MAVI-U3.obj : error LNK2019: símbolo externo "__declspec(dllimport) public: void __thiscall sf::Transformable::setPosition(class sf::Vector2<float> const &)" (__imp_?setPosition@Transformable@sf@@QAEXABV?$Vector2@M@2@@Z) sin resolver al que se hace referencia en la función _main
MAVI-U3.obj : error LNK2019: símbolo externo "__declspec(dllimport) public: void __thiscall sf::Transformable::setOrigin(float,float)" (__imp_?setOrigin@Transformable@sf@@QAEXMM@Z) sin resolver al que se hace referencia en la función _main
MAVI-U3.obj : error LNK2019: símbolo externo "__declspec(dllimport) public: __thiscall sf::Color::Color(unsigned char,unsigned char,unsigned char,unsigned char)" (__imp_??0Color@sf@@QAE@EEEE@Z) sin resolver al que se hace referencia en la función _main
MAVI-U3.obj : error LNK2019: símbolo externo "__declspec(dllimport) public: void __thiscall sf::Shape::setFillColor(class sf::Color const &)" (__imp_?setFillColor@Shape@sf@@QAEXABVColor@2@@Z) sin resolver al que se hace referencia en la función _main
MAVI-U3.obj : error LNK2019: símbolo externo "__declspec(dllimport) public: __thiscall sf::CircleShape::CircleShape(float,unsigned int)" (__imp_??0CircleShape@sf@@QAE@MI@Z) sin resolver al que se hace referencia en la función _main
MAVI-U3.obj : error LNK2019: símbolo externo "__declspec(dllimport) public: virtual __thiscall sf::CircleShape::~CircleShape(void)" (__imp_??1CircleShape@sf@@UAE@XZ) sin resolver al que se hace referencia en la función _main
MAVI-U3.obj : error LNK2019: símbolo externo "__declspec(dllimport) public: void __thiscall sf::RenderTarget::clear(class sf::Color const &)" (__imp_?clear@RenderTarget@sf@@QAEXABVColor@2@@Z) sin resolver al que se hace referencia en la función _main
MAVI-U3.obj : error LNK2019: símbolo externo "__declspec(dllimport) public: void __thiscall sf::RenderTarget::draw(class sf::Drawable const &,class sf::RenderStates const &)" (__imp_?draw@RenderTarget@sf@@QAEXABVDrawable@2@ABVRenderStates@2@@Z) sin resolver al que se hace referencia en la función _main
MAVI-U3.obj : error LNK2019: símbolo externo "__declspec(dllimport) public: __thiscall sf::RenderWindow::RenderWindow(class sf::VideoMode,class sf::String const &,unsigned int,struct sf::ContextSettings const &)" (__imp_??0RenderWindow@sf@@QAE@VVideoMode@1@ABVString@1@IABUContextSettings@1@@Z) sin resolver al que se hace referencia en la función _main
MAVI-U3.obj : error LNK2019: símbolo externo "__declspec(dllimport) public: virtual __thiscall sf::RenderWindow::~RenderWindow(void)" (__imp_??1RenderWindow@sf@@UAE@XZ) sin resolver al que se hace referencia en la función _main
MAVI-U3.obj : error LNK2001: símbolo externo "public: virtual class b2Shape * __thiscall b2CircleShape::Clone(class b2BlockAllocator *)const " (?Clone@b2CircleShape@@UBEPAVb2Shape@@PAVb2BlockAllocator@@@Z) sin resolver
MAVI-U3.obj : error LNK2001: símbolo externo "public: virtual int __thiscall b2CircleShape::GetChildCount(void)const " (?GetChildCount@b2CircleShape@@UBEHXZ) sin resolver
MAVI-U3.obj : error LNK2001: símbolo externo "public: virtual bool __thiscall b2CircleShape::TestPoint(struct b2Transform const &,struct b2Vec2 const &)const " (?TestPoint@b2CircleShape@@UBE_NABUb2Transform@@ABUb2Vec2@@@Z) sin resolver
MAVI-U3.obj : error LNK2001: símbolo externo "public: virtual bool __thiscall b2CircleShape::RayCast(struct b2RayCastOutput *,struct b2RayCastInput const &,struct b2Transform const &,int)const " (?RayCast@b2CircleShape@@UBE_NPAUb2RayCastOutput@@ABUb2RayCastInput@@ABUb2Transform@@H@Z) sin resolver
MAVI-U3.obj : error LNK2001: símbolo externo "public: virtual void __thiscall b2CircleShape::ComputeAABB(struct b2AABB *,struct b2Transform const &,int)const " (?ComputeAABB@b2CircleShape@@UBEXPAUb2AABB@@ABUb2Transform@@H@Z) sin resolver
MAVI-U3.obj : error LNK2001: símbolo externo "public: virtual void __thiscall b2CircleShape::ComputeMass(struct b2MassData *,float)const " (?ComputeMass@b2CircleShape@@UBEXPAUb2MassData@@M@Z) sin resolver
MAVI-U3.obj : error LNK2019: símbolo externo "public: void __thiscall b2EdgeShape::SetTwoSided(struct b2Vec2 const &,struct b2Vec2 const &)" (?SetTwoSided@b2EdgeShape@@QAEXABUb2Vec2@@0@Z) sin resolver al que se hace referencia en la función _main
MAVI-U3.obj : error LNK2001: símbolo externo "public: virtual class b2Shape * __thiscall b2EdgeShape::Clone(class b2BlockAllocator *)const " (?Clone@b2EdgeShape@@UBEPAVb2Shape@@PAVb2BlockAllocator@@@Z) sin resolver
MAVI-U3.obj : error LNK2001: símbolo externo "public: virtual int __thiscall b2EdgeShape::GetChildCount(void)const " (?GetChildCount@b2EdgeShape@@UBEHXZ) sin resolver
MAVI-U3.obj : error LNK2001: símbolo externo "public: virtual bool __thiscall b2EdgeShape::TestPoint(struct b2Transform const &,struct b2Vec2 const &)const " (?TestPoint@b2EdgeShape@@UBE_NABUb2Transform@@ABUb2Vec2@@@Z) sin resolver
MAVI-U3.obj : error LNK2001: símbolo externo "public: virtual bool __thiscall b2EdgeShape::RayCast(struct b2RayCastOutput *,struct b2RayCastInput const &,struct b2Transform const &,int)const " (?RayCast@b2EdgeShape@@UBE_NPAUb2RayCastOutput@@ABUb2RayCastInput@@ABUb2Transform@@H@Z) sin resolver
MAVI-U3.obj : error LNK2001: símbolo externo "public: virtual void __thiscall b2EdgeShape::ComputeAABB(struct b2AABB *,struct b2Transform const &,int)const " (?ComputeAABB@b2EdgeShape@@UBEXPAUb2AABB@@ABUb2Transform@@H@Z) sin resolver
MAVI-U3.obj : error LNK2001: símbolo externo "public: virtual void __thiscall b2EdgeShape::ComputeMass(struct b2MassData *,float)const " (?ComputeMass@b2EdgeShape@@UBEXPAUb2MassData@@M@Z) sin resolver
MAVI-U3.obj : error LNK2019: símbolo externo "public: class b2Fixture * __thiscall b2Body::CreateFixture(struct b2FixtureDef const *)" (?CreateFixture@b2Body@@QAEPAVb2Fixture@@PBUb2FixtureDef@@@Z) sin resolver al que se hace referencia en la función _main
MAVI-U3.obj : error LNK2019: símbolo externo "public: __thiscall b2World::b2World(struct b2Vec2 const &)" (??0b2World@@QAE@ABUb2Vec2@@@Z) sin resolver al que se hace referencia en la función _main
MAVI-U3.obj : error LNK2019: símbolo externo "public: __thiscall b2World::~b2World(void)" (??1b2World@@QAE@XZ) sin resolver al que se hace referencia en la función _main
MAVI-U3.obj : error LNK2019: símbolo externo "public: class b2Body * __thiscall b2World::CreateBody(struct b2BodyDef const *)" (?CreateBody@b2World@@QAEPAVb2Body@@PBUb2BodyDef@@@Z) sin resolver al que se hace referencia en la función _main
MAVI-U3.obj : error LNK2019: símbolo externo "public: void __thiscall b2World::Step(float,int,int)" (?Step@b2World@@QAEXMHH@Z) sin resolver al que se hace referencia en la función _main
MAVI-U3.obj : error LNK2019: símbolo externo "__declspec(dllimport) public: static class sf::RenderStates const sf::RenderStates::Default" (__imp_?Default@RenderStates@sf@@2V12@B) sin resolver al que se hace referencia en la función _main
MAVI-U3.obj : error LNK2019: símbolo externo "__declspec(dllimport) public: static class sf::Color const sf::Color::Cyan" (__imp_?Cyan@Color@sf@@2V12@B) sin resolver al que se hace referencia en la función _main
C:\Users\Andés\Desktop\MAVI 2\EsqueletoAPP\Externo\SFML\lib\sfml-graphics.lib : warning LNK4272: el tipo de máquina de biblioteca 'x64' está en conflicto con el tipo de máquina de destino 'x86'
C:\Users\Andés\Desktop\MAVI 2\EsqueletoAPP\Externo\SFML\lib\sfml-window.lib : warning LNK4272: el tipo de máquina de biblioteca 'x64' está en conflicto con el tipo de máquina de destino 'x86'
C:\Users\Andés\Desktop\MAVI 2\EsqueletoAPP\Externo\SFML\lib\sfml-system.lib : warning LNK4272: el tipo de máquina de biblioteca 'x64' está en conflicto con el tipo de máquina de destino 'x86'
C:\Users\Andés\Desktop\MAVI 2\EsqueletoAPP\Externo\box2d\lib\vs2019\Release\box2d.lib : warning LNK4272: el tipo de máquina de biblioteca 'x64' está en conflicto con el tipo de máquina de destino 'x86'
C:\Users\Andés\source\repos\MAVI-U3\Debug\MAVI-U3.exe : fatal error LNK1120: 38 externos sin resolver
